# JRE version: Java(TM) SE Runtime Environment 18.9 (11.0.9+7) (build 11.0.9+7-LTS)
# Java VM: Java HotSpot(TM) 64-Bit Server VM 18.9 (11.0.9+7-LTS, mixed mode, tiered, compressed oops, g1 gc, windows-amd64)
Heap:
 garbage-first heap   total 184320K, used 31434K [0x0000000088a00000, 0x0000000100000000)
  region size 1024K, 6 young (6144K), 6 survivors (6144K)
 Metaspace       used 58903K, capacity 60256K, committed 60420K, reserved 1101824K
  class space    used 7628K, capacity 8175K, committed 8276K, reserved 1048576K
GC Heap History (10 events):
Event: 10.283 GC heap after
{Heap after GC invocations=9 (full 0):
 garbage-first heap   total 122880K, used 14097K [0x0000000088a00000, 0x0000000100000000)
  region size 1024K, 6 young (6144K), 6 survivors (6144K)
 Metaspace       used 28083K, capacity 28921K, committed 29104K, reserved 1075200K
  class space    used 3445K, capacity 3780K, committed 3840K, reserved 1048576K
}
Event: 11.306 GC heap before
{Heap before GC invocations=9 (full 0):
 garbage-first heap   total 122880K, used 80657K [0x0000000088a00000, 0x0000000100000000)
  region size 1024K, 72 young (73728K), 6 survivors (6144K)
 Metaspace       used 32651K, capacity 33691K, committed 33840K, reserved 1079296K
  class space    used 4027K, capacity 4443K, committed 4480K, reserved 1048576K
}
Event: 11.333 GC heap after
{Heap after GC invocations=10 (full 0):
 garbage-first heap   total 147456K, used 16987K [0x0000000088a00000, 0x0000000100000000)
  region size 1024K, 8 young (8192K), 8 survivors (8192K)
 Metaspace       used 32651K, capacity 33691K, committed 33840K, reserved 1079296K
  class space    used 4027K, capacity 4443K, committed 4480K, reserved 1048576K
}
Event: 11.950 GC heap before
{Heap before GC invocations=10 (full 0):
 garbage-first heap   total 147456K, used 54875K [0x0000000088a00000, 0x0000000100000000)
  region size 1024K, 47 young (48128K), 8 survivors (8192K)
 Metaspace       used 34705K, capacity 35825K, committed 35888K, reserved 1081344K
  class space    used 4285K, capacity 4728K, committed 4736K, reserved 1048576K
}
Event: 11.976 GC heap after
{Heap after GC invocations=11 (full 0):
 garbage-first heap   total 147456K, used 17792K [0x0000000088a00000, 0x0000000100000000)
  region size 1024K, 7 young (7168K), 7 survivors (7168K)
 Metaspace       used 34705K, capacity 35825K, committed 35888K, reserved 1081344K
  class space    used 4285K, capacity 4728K, committed 4736K, reserved 1048576K
}
Event: 13.647 GC heap before
{Heap before GC invocations=12 (full 0):
 garbage-first heap   total 147456K, used 97664K [0x0000000088a00000, 0x0000000100000000)
  region size 1024K, 86 young (88064K), 7 survivors (7168K)
 Metaspace       used 45699K, capacity 46931K, committed 47132K, reserved 1089536K
  class space    used 5703K, capacity 6176K, committed 6252K, reserved 1048576K
}
Event: 13.685 GC heap after
{Heap after GC invocations=13 (full 0):
 garbage-first heap   total 147456K, used 25176K [0x0000000088a00000, 0x0000000100000000)
  region size 1024K, 11 young (11264K), 11 survivors (11264K)
 Metaspace       used 45699K, capacity 46931K, committed 47132K, reserved 1089536K
  class space    used 5703K, capacity 6176K, committed 6252K, reserved 1048576K
}
Event: 15.140 GC heap before
{Heap before GC invocations=13 (full 0):
 garbage-first heap   total 147456K, used 101976K [0x0000000088a00000, 0x0000000100000000)
  region size 1024K, 86 young (88064K), 11 survivors (11264K)
 Metaspace       used 56054K, capacity 57373K, committed 57628K, reserved 1099776K
  class space    used 7199K, capacity 7734K, committed 7788K, reserved 1048576K
}
Event: 15.201 GC heap after
{Heap after GC invocations=14 (full 0):
 garbage-first heap   total 147456K, used 30410K [0x0000000088a00000, 0x0000000100000000)
  region size 1024K, 5 young (5120K), 5 survivors (5120K)
 Metaspace       used 56054K, capacity 57373K, committed 57628K, reserved 1099776K
  class space    used 7199K, capacity 7734K, committed 7788K, reserved 1048576K
}
Event: 15.831 GC heap before
{Heap before GC invocations=14 (full 0):
 garbage-first heap   total 147456K, used 54986K [0x0000000088a00000, 0x0000000100000000)
  region size 1024K, 31 young (31744K), 5 survivors (5120K)
 Metaspace       used 58903K, capacity 60256K, committed 60420K, reserved 1101824K
  class space    used 7628K, capacity 8175K, committed 8276K, reserved 1048576K
}

